<?xml version="1.0" encoding="UTF-8"?>
<!-- Generated by org.testng.reporters.JUnitReportReporter -->
<testsuite skipped="0" hostname="LAPTOP-N20DUSAV" name="com.trulia.tests.functionalTest.TruliaTest" tests="1" failures="0" timestamp="18 Mar 2018 17:58:59 GMT" time="10.898" errors="0">
  <testcase name="searchByNeighborhood" time="10.898" classname="com.trulia.tests.functionalTest.TruliaTest"/>
</testsuite> <!-- com.trulia.tests.functionalTest.TruliaTest -->
