<?xml version="1.0" encoding="UTF-8"?>
<!-- Generated by org.testng.reporters.JUnitReportReporter -->
<testsuite skipped="0" hostname="LAPTOP-N20DUSAV" name="com.trulia.tests.TruliaTest" tests="1" failures="0" timestamp="16 Mar 2018 19:25:08 GMT" time="4.862" errors="0">
  <testcase name="searchByCity" time="4.862" classname="com.trulia.tests.TruliaTest"/>
</testsuite> <!-- com.trulia.tests.TruliaTest -->
