<?xml version="1.0" encoding="UTF-8"?>
<!-- Generated by org.testng.reporters.JUnitReportReporter -->
<testsuite skipped="0" hostname="Seriks-MacBook-Pro.local" name="com.trulia.tests.functionalTest.TruliaTest" tests="1" failures="0" timestamp="16 Mar 2018 16:51:02 GMT" time="0.716" errors="0">
  <testcase name="searchByCity" time="0.716" classname="com.trulia.tests.functionalTest.TruliaTest"/>
</testsuite> <!-- com.trulia.tests.functionalTest.TruliaTest -->
